DEBUG 21-02-13 22:16:14[main] [ClasspathLoggingApplicationListener:51] - Application started with classpath: unknown
DEBUG 21-02-13 22:16:14[background-preinit] [logging:152] - Logging Provider: org.jboss.logging.Log4j2LoggerProvider
INFO  21-02-13 22:16:14[background-preinit] [Version:21] - HV000001: Hibernate Validator 6.1.5.Final
DEBUG 21-02-13 22:16:14[background-preinit] [ValidationXmlParser:120] - Trying to load META-INF/validation.xml for XML based Validator configuration.
DEBUG 21-02-13 22:16:14[background-preinit] [ResourceLoaderHelper:60] - Trying to load META-INF/validation.xml via TCCL
DEBUG 21-02-13 22:16:14[background-preinit] [ResourceLoaderHelper:66] - Trying to load META-INF/validation.xml via Hibernate Validator's class loader
DEBUG 21-02-13 22:16:14[background-preinit] [ValidationXmlParser:127] - No META-INF/validation.xml found. Using annotation based configuration only.
DEBUG 21-02-13 22:16:14[main] [SpringApplication:679] - Loading source class org.springframework.cloud.bootstrap.BootstrapImportSelectorConfiguration
DEBUG 21-02-13 22:16:14[background-preinit] [TraversableResolvers:60] - Cannot find javax.persistence.Persistence on classpath. Assuming non JPA 2 environment. All properties will per default be traversable.
DEBUG 21-02-13 22:16:14[background-preinit] [ResourceBundleMessageInterpolator:172] - Loaded expression factory via original TCCL
DEBUG 21-02-13 22:16:14[main] [ConfigFileApplicationListener:222] - Activated activeProfiles local
DEBUG 21-02-13 22:16:14[main] [AnnotationConfigApplicationContext:596] - Refreshing org.springframework.context.annotation.AnnotationConfigApplicationContext@6b9ce1bf
DEBUG 21-02-13 22:16:14[main] [DefaultListableBeanFactory:217] - Creating shared instance of singleton bean 'org.springframework.context.annotation.internalConfigurationAnnotationProcessor'
DEBUG 21-02-13 22:16:14[main] [DefaultListableBeanFactory:217] - Creating shared instance of singleton bean 'org.springframework.boot.autoconfigure.internalCachingMetadataReaderFactory'
DEBUG 21-02-13 22:16:14[background-preinit] [ValidatorFactoryConfigurationHelper:300] - HV000252: Using org.hibernate.validator.internal.engine.DefaultPropertyNodeNameProvider as property node name provider.
DEBUG 21-02-13 22:16:14[background-preinit] [ValidatorFactoryConfigurationHelper:375] - HV000234: Using org.hibernate.validator.messageinterpolation.ResourceBundleMessageInterpolator as ValidatorFactory-scoped message interpolator.
DEBUG 21-02-13 22:16:14[background-preinit] [ValidatorFactoryConfigurationHelper:376] - HV000234: Using org.hibernate.validator.internal.engine.resolver.TraverseAllTraversableResolver as ValidatorFactory-scoped traversable resolver.
DEBUG 21-02-13 22:16:14[background-preinit] [ValidatorFactoryConfigurationHelper:377] - HV000234: Using org.hibernate.validator.internal.util.ExecutableParameterNameProvider as ValidatorFactory-scoped parameter name provider.
DEBUG 21-02-13 22:16:14[background-preinit] [ValidatorFactoryConfigurationHelper:378] - HV000234: Using org.hibernate.validator.internal.engine.DefaultClockProvider as ValidatorFactory-scoped clock provider.
DEBUG 21-02-13 22:16:14[background-preinit] [ValidatorFactoryConfigurationHelper:379] - HV000234: Using org.hibernate.validator.internal.engine.scripting.DefaultScriptEvaluatorFactory as ValidatorFactory-scoped script evaluator factory.
DEBUG 21-02-13 22:16:14[main] [DefaultListableBeanFactory:217] - Creating shared instance of singleton bean 'propertySourcesPlaceholderConfigurer'
DEBUG 21-02-13 22:16:14[main] [DefaultListableBeanFactory:217] - Creating shared instance of singleton bean 'org.springframework.context.event.internalEventListenerProcessor'
DEBUG 21-02-13 22:16:14[main] [DefaultListableBeanFactory:217] - Creating shared instance of singleton bean 'org.springframework.context.event.internalEventListenerFactory'
DEBUG 21-02-13 22:16:14[main] [DefaultListableBeanFactory:217] - Creating shared instance of singleton bean 'org.springframework.context.annotation.internalAutowiredAnnotationProcessor'
DEBUG 21-02-13 22:16:14[main] [DefaultListableBeanFactory:217] - Creating shared instance of singleton bean 'org.springframework.context.annotation.internalCommonAnnotationProcessor'
DEBUG 21-02-13 22:16:14[main] [DefaultListableBeanFactory:217] - Creating shared instance of singleton bean 'org.springframework.boot.context.properties.ConfigurationPropertiesBindingPostProcessor'
DEBUG 21-02-13 22:16:14[main] [DefaultListableBeanFactory:217] - Creating shared instance of singleton bean 'org.springframework.boot.context.internalConfigurationPropertiesBinder'
DEBUG 21-02-13 22:16:14[main] [DefaultListableBeanFactory:217] - Creating shared instance of singleton bean 'org.springframework.boot.context.internalConfigurationPropertiesBinderFactory'
DEBUG 21-02-13 22:16:14[main] [DefaultListableBeanFactory:217] - Creating shared instance of singleton bean 'configurationPropertiesBeans'
DEBUG 21-02-13 22:16:14[main] [DefaultListableBeanFactory:217] - Creating shared instance of singleton bean 'bootstrapImportSelectorConfiguration'
DEBUG 21-02-13 22:16:14[main] [DefaultListableBeanFactory:217] - Creating shared instance of singleton bean 'org.springframework.cloud.bootstrap.config.PropertySourceBootstrapConfiguration'
DEBUG 21-02-13 22:16:14[main] [DefaultListableBeanFactory:217] - Creating shared instance of singleton bean 'org.springframework.boot.context.properties.BoundConfigurationProperties'
DEBUG 21-02-13 22:16:14[main] [DefaultListableBeanFactory:217] - Creating shared instance of singleton bean 'org.springframework.boot.context.properties.ConfigurationBeanFactoryMetadata'
DEBUG 21-02-13 22:16:14[main] [DefaultListableBeanFactory:217] - Creating shared instance of singleton bean 'spring.cloud.config-org.springframework.cloud.bootstrap.config.PropertySourceBootstrapProperties'
DEBUG 21-02-13 22:16:14[main] [DefaultListableBeanFactory:217] - Creating shared instance of singleton bean 'org.springframework.cloud.bootstrap.encrypt.EncryptionBootstrapConfiguration'
DEBUG 21-02-13 22:16:14[main] [DefaultListableBeanFactory:217] - Creating shared instance of singleton bean 'encrypt-org.springframework.cloud.bootstrap.encrypt.KeyProperties'
DEBUG 21-02-13 22:16:14[main] [DefaultListableBeanFactory:217] - Creating shared instance of singleton bean 'environmentDecryptApplicationListener'
DEBUG 21-02-13 22:16:14[main] [DefaultListableBeanFactory:217] - Creating shared instance of singleton bean 'org.springframework.cloud.autoconfigure.ConfigurationPropertiesRebinderAutoConfiguration'
DEBUG 21-02-13 22:16:14[main] [DefaultListableBeanFactory:217] - Creating shared instance of singleton bean 'configurationPropertiesRebinder'
DEBUG 21-02-13 22:16:14[main] [DefaultListableBeanFactory:805] - Autowiring by type from bean name 'configurationPropertiesRebinder' via factory method to bean named 'configurationPropertiesBeans'
DEBUG 21-02-13 22:16:14[main] [DefaultListableBeanFactory:217] - Creating shared instance of singleton bean 'org.springframework.boot.autoconfigure.context.PropertyPlaceholderAutoConfiguration'
DEBUG 21-02-13 22:16:14[main] [DefaultListableBeanFactory:217] - Creating shared instance of singleton bean 'org.springframework.cloud.util.random.CachedRandomPropertySourceAutoConfiguration'
DEBUG 21-02-13 22:16:14[main] [ConditionEvaluationReportLoggingListener:126] - 


============================
CONDITIONS EVALUATION REPORT
============================


Positive matches:
-----------------

   ConfigurationPropertiesRebinderAutoConfiguration matched:
      - @ConditionalOnBean (types: org.springframework.boot.context.properties.ConfigurationPropertiesBindingPostProcessor; SearchStrategy: all) found bean 'org.springframework.boot.context.properties.ConfigurationPropertiesBindingPostProcessor' (OnBeanCondition)

   ConfigurationPropertiesRebinderAutoConfiguration#configurationPropertiesBeans matched:
      - @ConditionalOnMissingBean (types: org.springframework.cloud.context.properties.ConfigurationPropertiesBeans; SearchStrategy: current) did not find any beans (OnBeanCondition)

   ConfigurationPropertiesRebinderAutoConfiguration#configurationPropertiesRebinder matched:
      - @ConditionalOnMissingBean (types: org.springframework.cloud.context.properties.ConfigurationPropertiesRebinder; SearchStrategy: current) did not find any beans (OnBeanCondition)

   EncryptionBootstrapConfiguration matched:
      - @ConditionalOnClass found required class 'org.springframework.security.crypto.encrypt.TextEncryptor' (OnClassCondition)

   PropertyPlaceholderAutoConfiguration#propertySourcesPlaceholderConfigurer matched:
      - @ConditionalOnMissingBean (types: org.springframework.context.support.PropertySourcesPlaceholderConfigurer; SearchStrategy: current) did not find any beans (OnBeanCondition)


Negative matches:
-----------------

   EncryptionBootstrapConfiguration.RsaEncryptionConfiguration:
      Did not match:
         - Keystore nor key found in Environment (EncryptionBootstrapConfiguration.KeyCondition)
      Matched:
         - @ConditionalOnClass found required class 'org.springframework.security.rsa.crypto.RsaSecretEncryptor' (OnClassCondition)

   EncryptionBootstrapConfiguration.VanillaEncryptionConfiguration:
      Did not match:
         - @ConditionalOnMissingClass found unwanted class 'org.springframework.security.rsa.crypto.RsaSecretEncryptor' (OnClassCondition)


Exclusions:
-----------

    None


Unconditional classes:
----------------------

    None



DEBUG 21-02-13 22:16:14[main] [PropertySourcesPropertyResolver:115] - Found key 'spring.liveBeansView.mbeanDomain' in PropertySource 'systemProperties' with value of type String
DEBUG 21-02-13 22:19:51[main] [ClasspathLoggingApplicationListener:51] - Application started with classpath: unknown
DEBUG 21-02-13 22:19:51[background-preinit] [logging:152] - Logging Provider: org.jboss.logging.Log4j2LoggerProvider
INFO  21-02-13 22:19:51[background-preinit] [Version:21] - HV000001: Hibernate Validator 6.1.5.Final
DEBUG 21-02-13 22:19:51[background-preinit] [ValidationXmlParser:120] - Trying to load META-INF/validation.xml for XML based Validator configuration.
DEBUG 21-02-13 22:19:51[background-preinit] [ResourceLoaderHelper:60] - Trying to load META-INF/validation.xml via TCCL
DEBUG 21-02-13 22:19:51[background-preinit] [ResourceLoaderHelper:66] - Trying to load META-INF/validation.xml via Hibernate Validator's class loader
DEBUG 21-02-13 22:19:51[background-preinit] [ValidationXmlParser:127] - No META-INF/validation.xml found. Using annotation based configuration only.
DEBUG 21-02-13 22:19:51[background-preinit] [TraversableResolvers:60] - Cannot find javax.persistence.Persistence on classpath. Assuming non JPA 2 environment. All properties will per default be traversable.
DEBUG 21-02-13 22:19:51[background-preinit] [ResourceBundleMessageInterpolator:172] - Loaded expression factory via original TCCL
DEBUG 21-02-13 22:19:51[main] [SpringApplication:679] - Loading source class org.springframework.cloud.bootstrap.BootstrapImportSelectorConfiguration
DEBUG 21-02-13 22:19:51[main] [ConfigFileApplicationListener:222] - Activated activeProfiles local
DEBUG 21-02-13 22:19:51[main] [AnnotationConfigApplicationContext:596] - Refreshing org.springframework.context.annotation.AnnotationConfigApplicationContext@3f053c80
DEBUG 21-02-13 22:19:51[main] [DefaultListableBeanFactory:217] - Creating shared instance of singleton bean 'org.springframework.context.annotation.internalConfigurationAnnotationProcessor'
DEBUG 21-02-13 22:19:51[main] [DefaultListableBeanFactory:217] - Creating shared instance of singleton bean 'org.springframework.boot.autoconfigure.internalCachingMetadataReaderFactory'
DEBUG 21-02-13 22:19:51[background-preinit] [ValidatorFactoryConfigurationHelper:300] - HV000252: Using org.hibernate.validator.internal.engine.DefaultPropertyNodeNameProvider as property node name provider.
DEBUG 21-02-13 22:19:51[background-preinit] [ValidatorFactoryConfigurationHelper:375] - HV000234: Using org.hibernate.validator.messageinterpolation.ResourceBundleMessageInterpolator as ValidatorFactory-scoped message interpolator.
DEBUG 21-02-13 22:19:51[background-preinit] [ValidatorFactoryConfigurationHelper:376] - HV000234: Using org.hibernate.validator.internal.engine.resolver.TraverseAllTraversableResolver as ValidatorFactory-scoped traversable resolver.
DEBUG 21-02-13 22:19:51[background-preinit] [ValidatorFactoryConfigurationHelper:377] - HV000234: Using org.hibernate.validator.internal.util.ExecutableParameterNameProvider as ValidatorFactory-scoped parameter name provider.
DEBUG 21-02-13 22:19:51[background-preinit] [ValidatorFactoryConfigurationHelper:378] - HV000234: Using org.hibernate.validator.internal.engine.DefaultClockProvider as ValidatorFactory-scoped clock provider.
DEBUG 21-02-13 22:19:51[background-preinit] [ValidatorFactoryConfigurationHelper:379] - HV000234: Using org.hibernate.validator.internal.engine.scripting.DefaultScriptEvaluatorFactory as ValidatorFactory-scoped script evaluator factory.
DEBUG 21-02-13 22:19:51[main] [DefaultListableBeanFactory:217] - Creating shared instance of singleton bean 'propertySourcesPlaceholderConfigurer'
DEBUG 21-02-13 22:19:51[main] [DefaultListableBeanFactory:217] - Creating shared instance of singleton bean 'org.springframework.context.event.internalEventListenerProcessor'
DEBUG 21-02-13 22:19:51[main] [DefaultListableBeanFactory:217] - Creating shared instance of singleton bean 'org.springframework.context.event.internalEventListenerFactory'
DEBUG 21-02-13 22:19:51[main] [DefaultListableBeanFactory:217] - Creating shared instance of singleton bean 'org.springframework.context.annotation.internalAutowiredAnnotationProcessor'
DEBUG 21-02-13 22:19:51[main] [DefaultListableBeanFactory:217] - Creating shared instance of singleton bean 'org.springframework.context.annotation.internalCommonAnnotationProcessor'
DEBUG 21-02-13 22:19:51[main] [DefaultListableBeanFactory:217] - Creating shared instance of singleton bean 'org.springframework.boot.context.properties.ConfigurationPropertiesBindingPostProcessor'
DEBUG 21-02-13 22:19:51[main] [DefaultListableBeanFactory:217] - Creating shared instance of singleton bean 'org.springframework.boot.context.internalConfigurationPropertiesBinder'
DEBUG 21-02-13 22:19:51[main] [DefaultListableBeanFactory:217] - Creating shared instance of singleton bean 'org.springframework.boot.context.internalConfigurationPropertiesBinderFactory'
DEBUG 21-02-13 22:19:51[main] [DefaultListableBeanFactory:217] - Creating shared instance of singleton bean 'configurationPropertiesBeans'
DEBUG 21-02-13 22:19:52[main] [DefaultListableBeanFactory:217] - Creating shared instance of singleton bean 'bootstrapImportSelectorConfiguration'
DEBUG 21-02-13 22:19:52[main] [DefaultListableBeanFactory:217] - Creating shared instance of singleton bean 'org.springframework.cloud.bootstrap.config.PropertySourceBootstrapConfiguration'
DEBUG 21-02-13 22:19:52[main] [DefaultListableBeanFactory:217] - Creating shared instance of singleton bean 'org.springframework.boot.context.properties.BoundConfigurationProperties'
DEBUG 21-02-13 22:19:52[main] [DefaultListableBeanFactory:217] - Creating shared instance of singleton bean 'org.springframework.boot.context.properties.ConfigurationBeanFactoryMetadata'
DEBUG 21-02-13 22:19:52[main] [DefaultListableBeanFactory:217] - Creating shared instance of singleton bean 'spring.cloud.config-org.springframework.cloud.bootstrap.config.PropertySourceBootstrapProperties'
DEBUG 21-02-13 22:19:52[main] [DefaultListableBeanFactory:217] - Creating shared instance of singleton bean 'org.springframework.cloud.bootstrap.encrypt.EncryptionBootstrapConfiguration'
DEBUG 21-02-13 22:19:52[main] [DefaultListableBeanFactory:217] - Creating shared instance of singleton bean 'encrypt-org.springframework.cloud.bootstrap.encrypt.KeyProperties'
DEBUG 21-02-13 22:19:52[main] [DefaultListableBeanFactory:217] - Creating shared instance of singleton bean 'environmentDecryptApplicationListener'
DEBUG 21-02-13 22:19:52[main] [DefaultListableBeanFactory:217] - Creating shared instance of singleton bean 'org.springframework.cloud.autoconfigure.ConfigurationPropertiesRebinderAutoConfiguration'
DEBUG 21-02-13 22:19:52[main] [DefaultListableBeanFactory:217] - Creating shared instance of singleton bean 'configurationPropertiesRebinder'
DEBUG 21-02-13 22:19:52[main] [DefaultListableBeanFactory:805] - Autowiring by type from bean name 'configurationPropertiesRebinder' via factory method to bean named 'configurationPropertiesBeans'
DEBUG 21-02-13 22:19:52[main] [DefaultListableBeanFactory:217] - Creating shared instance of singleton bean 'org.springframework.boot.autoconfigure.context.PropertyPlaceholderAutoConfiguration'
DEBUG 21-02-13 22:19:52[main] [DefaultListableBeanFactory:217] - Creating shared instance of singleton bean 'org.springframework.cloud.util.random.CachedRandomPropertySourceAutoConfiguration'
DEBUG 21-02-13 22:19:52[main] [ConditionEvaluationReportLoggingListener:126] - 


============================
CONDITIONS EVALUATION REPORT
============================


Positive matches:
-----------------

   ConfigurationPropertiesRebinderAutoConfiguration matched:
      - @ConditionalOnBean (types: org.springframework.boot.context.properties.ConfigurationPropertiesBindingPostProcessor; SearchStrategy: all) found bean 'org.springframework.boot.context.properties.ConfigurationPropertiesBindingPostProcessor' (OnBeanCondition)

   ConfigurationPropertiesRebinderAutoConfiguration#configurationPropertiesBeans matched:
      - @ConditionalOnMissingBean (types: org.springframework.cloud.context.properties.ConfigurationPropertiesBeans; SearchStrategy: current) did not find any beans (OnBeanCondition)

   ConfigurationPropertiesRebinderAutoConfiguration#configurationPropertiesRebinder matched:
      - @ConditionalOnMissingBean (types: org.springframework.cloud.context.properties.ConfigurationPropertiesRebinder; SearchStrategy: current) did not find any beans (OnBeanCondition)

   EncryptionBootstrapConfiguration matched:
      - @ConditionalOnClass found required class 'org.springframework.security.crypto.encrypt.TextEncryptor' (OnClassCondition)

   PropertyPlaceholderAutoConfiguration#propertySourcesPlaceholderConfigurer matched:
      - @ConditionalOnMissingBean (types: org.springframework.context.support.PropertySourcesPlaceholderConfigurer; SearchStrategy: current) did not find any beans (OnBeanCondition)


Negative matches:
-----------------

   EncryptionBootstrapConfiguration.RsaEncryptionConfiguration:
      Did not match:
         - Keystore nor key found in Environment (EncryptionBootstrapConfiguration.KeyCondition)
      Matched:
         - @ConditionalOnClass found required class 'org.springframework.security.rsa.crypto.RsaSecretEncryptor' (OnClassCondition)

   EncryptionBootstrapConfiguration.VanillaEncryptionConfiguration:
      Did not match:
         - @ConditionalOnMissingClass found unwanted class 'org.springframework.security.rsa.crypto.RsaSecretEncryptor' (OnClassCondition)


Exclusions:
-----------

    None


Unconditional classes:
----------------------

    None



DEBUG 21-02-13 22:19:52[main] [PropertySourcesPropertyResolver:115] - Found key 'spring.liveBeansView.mbeanDomain' in PropertySource 'systemProperties' with value of type String
INFO  21-02-13 22:19:52[main] [HubApplication:655] - The following profiles are active: client-feign,client-webflux,local
INFO  21-02-13 22:19:54[main] [HubApplication:61] - Started HubApplication in 2.857 seconds (JVM running for 3.468)
